Flutter crash report.
Please report a bug at https://github.com/flutter/flutter/issues.

## command

flutter --no-color attach --machine --device-id=emulator-5554 lib/main.dart

## exception

StateError: Bad state: Future already completed

```
#0      _AsyncCompleter.complete (dart:async/future_impl.dart:35:31)
#1      FlutterDevice.connect.<anonymous closure> (package:flutter_tools/src/resident_runner.dart:325:17)
<asynchronous suspension>
```

## flutter doctor

```
[✓] Flutter (Channel stable, 3.0.2, on Mac OS X 10.15.7 19H2 darwin-x64, locale en-GB)
    • Flutter version 3.0.2 at /Users/android/Library/Developer/flutter
    • Upstream repository https://github.com/flutter/flutter.git
    • Framework revision cd41fdd495 (5 weeks ago), 2022-06-08 09:52:13 -0700
    • Engine revision f15f824b57
    • Dart version 2.17.3
    • DevTools version 2.12.2

[✓] Android toolchain - develop for Android devices (Android SDK version 32.1.0-rc1)
    • Android SDK at /Users/android/Library/Android/sdk
    • Platform android-32, build-tools 32.1.0-rc1
    • Java binary at: /Applications/Android Studio.app/Contents/jre/Contents/Home/bin/java
    • Java version OpenJDK Runtime Environment (build 11.0.12+0-b1504.28-7817840)
    • All Android licenses accepted.

[!] Xcode - develop for iOS and macOS (Xcode 12.4)
    • Xcode at /Applications/Xcode.app/Contents/Developer
    ✗ Flutter requires Xcode 13 or higher.
      Download the latest version or update via the Mac App Store.
    • CocoaPods version 1.11.3

[✓] Chrome - develop for the web
    • Chrome at /Applications/Google Chrome.app/Contents/MacOS/Google Chrome

[✓] Android Studio (version 2021.2)
    • Android Studio at /Applications/Android Studio.app/Contents
    • Flutter plugin can be installed from:
      🔨 https://plugins.jetbrains.com/plugin/9212-flutter
    • Dart plugin can be installed from:
      🔨 https://plugins.jetbrains.com/plugin/6351-dart
    • Java version OpenJDK Runtime Environment (build 11.0.12+0-b1504.28-7817840)

[✓] VS Code (version 1.68.0)
    • VS Code at /Applications/Visual Studio Code.app/Contents
    • Flutter extension version 3.42.0

[✓] Connected device (3 available)
    • sdk gphone x86 (mobile) • emulator-5554 • android-x86    • Android 11 (API 30) (emulator)
    • macOS (desktop)         • macos         • darwin-x64     • Mac OS X 10.15.7 19H2 darwin-x64
    • Chrome (web)            • chrome        • web-javascript • Google Chrome 103.0.5060.114

[✓] HTTP Host Availability
    • All required HTTP hosts are available

! Doctor found issues in 1 category.
```
